# JRE version: OpenJDK Runtime Environment (8.0_191-b12) (build 1.8.0_191-8u191-b12-2ubuntu0.18.04.1-b12)
# Java VM: OpenJDK 64-Bit Server VM (25.191-b12 mixed mode linux-amd64 compressed oops)
Heap:
 PSYoungGen      total 307712K, used 193087K [0x00000000d7300000, 0x00000000fe600000, 0x0000000100000000)
  eden space 307200K, 62% used [0x00000000d7300000,0x00000000e2f77cd8,0x00000000e9f00000)
  from space 512K, 18% used [0x00000000fd700000,0x00000000fd718000,0x00000000fd780000)
  to   space 8192K, 0% used [0x00000000fde00000,0x00000000fde00000,0x00000000fe600000)
 ParOldGen       total 84992K, used 11769K [0x0000000085800000, 0x000000008ab00000, 0x00000000d7300000)
  object space 84992K, 13% used [0x0000000085800000,0x000000008637e768,0x000000008ab00000)
 Metaspace       used 15122K, capacity 15420K, committed 15616K, reserved 1062912K
  class space    used 1840K, capacity 1976K, committed 2048K, reserved 1048576K
GC Heap History (10 events):
Event: 28.799 GC heap before
{Heap before GC invocations=13 (full 0):
 PSYoungGen      total 389632K, used 389309K [0x00000000d7300000, 0x00000000ff880000, 0x0000000100000000)
  eden space 387072K, 100% used [0x00000000d7300000,0x00000000eed00000,0x00000000eed00000)
  from space 2560K, 87% used [0x00000000ff600000,0x00000000ff82f5a0,0x00000000ff880000)
  to   space 9216K, 0% used [0x00000000fe680000,0x00000000fe680000,0x00000000fef80000)
 ParOldGen       total 84992K, used 11697K [0x0000000085800000, 0x000000008ab00000, 0x00000000d7300000)
  object space 84992K, 13% used [0x0000000085800000,0x000000008636c768,0x000000008ab00000)
 Metaspace       used 15078K, capacity 15388K, committed 15616K, reserved 1062912K
  class space    used 1836K, capacity 1944K, committed 2048K, reserved 1048576K
Event: 28.804 GC heap after
Heap after GC invocations=13 (full 0):
 PSYoungGen      total 370176K, used 96K [0x00000000d7300000, 0x00000000ff680000, 0x0000000100000000)
  eden space 369664K, 0% used [0x00000000d7300000,0x00000000d7300000,0x00000000edc00000)
  from space 512K, 18% used [0x00000000fe680000,0x00000000fe698000,0x00000000fe700000)
  to   space 9216K, 0% used [0x00000000fed80000,0x00000000fed80000,0x00000000ff680000)
 ParOldGen       total 84992K, used 11713K [0x0000000085800000, 0x000000008ab00000, 0x00000000d7300000)
  object space 84992K, 13% used [0x0000000085800000,0x0000000086370768,0x000000008ab00000)
 Metaspace       used 15078K, capacity 15388K, committed 15616K, reserved 1062912K
  class space    used 1836K, capacity 1944K, committed 2048K, reserved 1048576K
}
Event: 33.280 GC heap before
{Heap before GC invocations=14 (full 0):
 PSYoungGen      total 370176K, used 369760K [0x00000000d7300000, 0x00000000ff680000, 0x0000000100000000)
  eden space 369664K, 100% used [0x00000000d7300000,0x00000000edc00000,0x00000000edc00000)
  from space 512K, 18% used [0x00000000fe680000,0x00000000fe698000,0x00000000fe700000)
  to   space 9216K, 0% used [0x00000000fed80000,0x00000000fed80000,0x00000000ff680000)
 ParOldGen       total 84992K, used 11713K [0x0000000085800000, 0x000000008ab00000, 0x00000000d7300000)
  object space 84992K, 13% used [0x0000000085800000,0x0000000086370768,0x000000008ab00000)
 Metaspace       used 15082K, capacity 15388K, committed 15616K, reserved 1062912K
  class space    used 1836K, capacity 1944K, committed 2048K, reserved 1048576K
Event: 33.281 GC heap after
Heap after GC invocations=14 (full 0):
 PSYoungGen      total 356352K, used 3292K [0x00000000d7300000, 0x00000000ff100000, 0x0000000100000000)
  eden space 352768K, 0% used [0x00000000d7300000,0x00000000d7300000,0x00000000ecb80000)
  from space 3584K, 91% used [0x00000000fed80000,0x00000000ff0b7070,0x00000000ff100000)
  to   space 8704K, 0% used [0x00000000fe000000,0x00000000fe000000,0x00000000fe880000)
 ParOldGen       total 84992K, used 11745K [0x0000000085800000, 0x000000008ab00000, 0x00000000d7300000)
  object space 84992K, 13% used [0x0000000085800000,0x0000000086378768,0x000000008ab00000)
 Metaspace       used 15082K, capacity 15388K, committed 15616K, reserved 1062912K
  class space    used 1836K, capacity 1944K, committed 2048K, reserved 1048576K
}
Event: 35.851 GC heap before
{Heap before GC invocations=15 (full 0):
 PSYoungGen      total 356352K, used 356060K [0x00000000d7300000, 0x00000000ff100000, 0x0000000100000000)
  eden space 352768K, 100% used [0x00000000d7300000,0x00000000ecb80000,0x00000000ecb80000)
  from space 3584K, 91% used [0x00000000fed80000,0x00000000ff0b7070,0x00000000ff100000)
  to   space 8704K, 0% used [0x00000000fe000000,0x00000000fe000000,0x00000000fe880000)
 ParOldGen       total 84992K, used 11745K [0x0000000085800000, 0x000000008ab00000, 0x00000000d7300000)
  object space 84992K, 13% used [0x0000000085800000,0x0000000086378768,0x000000008ab00000)
 Metaspace       used 15083K, capacity 15388K, committed 15616K, reserved 1062912K
  class space    used 1836K, capacity 1944K, committed 2048K, reserved 1048576K
Event: 35.854 GC heap after
Heap after GC invocations=15 (full 0):
 PSYoungGen      total 337408K, used 64K [0x00000000d7300000, 0x00000000fee00000, 0x0000000100000000)
  eden space 336896K, 0% used [0x00000000d7300000,0x00000000d7300000,0x00000000ebc00000)
  from space 512K, 12% used [0x00000000fe000000,0x00000000fe010000,0x00000000fe080000)
  to   space 8704K, 0% used [0x00000000fe580000,0x00000000fe580000,0x00000000fee00000)
 ParOldGen       total 84992K, used 11753K [0x0000000085800000, 0x000000008ab00000, 0x00000000d7300000)
  object space 84992K, 13% used [0x0000000085800000,0x000000008637a768,0x000000008ab00000)
 Metaspace       used 15083K, capacity 15388K, committed 15616K, reserved 1062912K
  class space    used 1836K, capacity 1944K, committed 2048K, reserved 1048576K
}
Event: 40.560 GC heap before
{Heap before GC invocations=16 (full 0):
 PSYoungGen      total 337408K, used 336960K [0x00000000d7300000, 0x00000000fee00000, 0x0000000100000000)
  eden space 336896K, 100% used [0x00000000d7300000,0x00000000ebc00000,0x00000000ebc00000)
  from space 512K, 12% used [0x00000000fe000000,0x00000000fe010000,0x00000000fe080000)
  to   space 8704K, 0% used [0x00000000fe580000,0x00000000fe580000,0x00000000fee00000)
 ParOldGen       total 84992K, used 11753K [0x0000000085800000, 0x000000008ab00000, 0x00000000d7300000)
  object space 84992K, 13% used [0x0000000085800000,0x000000008637a768,0x000000008ab00000)
 Metaspace       used 15085K, capacity 15388K, committed 15616K, reserved 1062912K
  class space    used 1836K, capacity 1944K, committed 2048K, reserved 1048576K
Event: 40.563 GC heap after
Heap after GC invocations=16 (full 0):
 PSYoungGen      total 323072K, used 1118K [0x00000000d7300000, 0x00000000fe700000, 0x0000000100000000)
  eden space 321536K, 0% used [0x00000000d7300000,0x00000000d7300000,0x00000000ead00000)
  from space 1536K, 72% used [0x00000000fe580000,0x00000000fe697ad0,0x00000000fe700000)
  to   space 8192K, 0% used [0x00000000fd700000,0x00000000fd700000,0x00000000fdf00000)
 ParOldGen       total 84992K, used 11761K [0x0000000085800000, 0x000000008ab00000, 0x00000000d7300000)
  object space 84992K, 13% used [0x0000000085800000,0x000000008637c768,0x000000008ab00000)
 Metaspace       used 15085K, capacity 15388K, committed 15616K, reserved 1062912K
  class space    used 1836K, capacity 1944K, committed 2048K, reserved 1048576K
}
Event: 43.523 GC heap before
{Heap before GC invocations=17 (full 0):
 PSYoungGen      total 323072K, used 322654K [0x00000000d7300000, 0x00000000fe700000, 0x0000000100000000)
  eden space 321536K, 100% used [0x00000000d7300000,0x00000000ead00000,0x00000000ead00000)
  from space 1536K, 72% used [0x00000000fe580000,0x00000000fe697ad0,0x00000000fe700000)
  to   space 8192K, 0% used [0x00000000fd700000,0x00000000fd700000,0x00000000fdf00000)
 ParOldGen       total 84992K, used 11761K [0x0000000085800000, 0x000000008ab00000, 0x00000000d7300000)
  object space 84992K, 13% used [0x0000000085800000,0x000000008637c768,0x000000008ab00000)
 Metaspace       used 15087K, capacity 15388K, committed 15616K, reserved 1062912K
  class space    used 1837K, capacity 1944K, committed 2048K, reserved 1048576K
Event: 43.525 GC heap after
Heap after GC invocations=17 (full 0):
 PSYoungGen      total 307712K, used 96K [0x00000000d7300000, 0x00000000fe600000, 0x0000000100000000)
  eden space 307200K, 0% used [0x00000000d7300000,0x00000000d7300000,0x00000000e9f00000)
  from space 512K, 18% used [0x00000000fd700000,0x00000000fd718000,0x00000000fd780000)
  to   space 8192K, 0% used [0x00000000fde00000,0x00000000fde00000,0x00000000fe600000)
 ParOldGen       total 84992K, used 11769K [0x0000000085800000, 0x000000008ab00000, 0x00000000d7300000)
  object space 84992K, 13% used [0x0000000085800000,0x000000008637e768,0x000000008ab00000)
 Metaspace       used 15087K, capacity 15388K, committed 15616K, reserved 1062912K
  class space    used 1837K, capacity 1944K, committed 2048K, reserved 1048576K
}

